<?xml version="1.0" encoding="UTF-8"?>
<testsuite name="com.example.management.application.service.PayOrderServiceTest" tests="4" skipped="0" failures="0" errors="0" timestamp="2026-02-22T17:19:57" hostname="RubenS" time="0.048">
  <properties/>
  <testcase name="shouldMarkOrderAsPaidAndSave()" classname="com.example.management.application.service.PayOrderServiceTest" time="0.012"/>
  <testcase name="shouldThrowInvalidOrderStateExceptionWhenOrderTotalBelowMinimum()" classname="com.example.management.application.service.PayOrderServiceTest" time="0.013"/>
  <testcase name="shouldThrowInvalidOrderStateExceptionWhenOrderAlreadyPaid()" classname="com.example.management.application.service.PayOrderServiceTest" time="0.007"/>
  <testcase name="shouldThrowOrderNotFoundExceptionWhenOrderDoesNotExist()" classname="com.example.management.application.service.PayOrderServiceTest" time="0.007"/>
  <system-out><![CDATA[]]></system-out>
  <system-err><![CDATA[]]></system-err>
</testsuite>
