<?xml version="1.0" encoding="UTF-8"?>
<testsuite name="com.example.management.application.service.GetOrderServiceTest" tests="2" skipped="0" failures="0" errors="0" timestamp="2026-02-22T17:19:57" hostname="RubenS" time="0.032">
  <properties/>
  <testcase name="shouldReturnEmptyWhenOrderNotFound()" classname="com.example.management.application.service.GetOrderServiceTest" time="0.019"/>
  <testcase name="shouldReturnOrderWhenFound()" classname="com.example.management.application.service.GetOrderServiceTest" time="0.009"/>
  <system-out><![CDATA[]]></system-out>
  <system-err><![CDATA[]]></system-err>
</testsuite>
