<?xml version="1.0" encoding="UTF-8"?>
<testsuite name="com.example.management.application.service.CreateOrderServiceTest" tests="3" skipped="0" failures="0" errors="0" timestamp="2026-02-22T17:07:17" hostname="RubenS" time="1.887">
  <properties/>
  <testcase name="shouldGenerateNewOrderIdWhenCreating()" classname="com.example.management.application.service.CreateOrderServiceTest" time="1.843"/>
  <testcase name="shouldCreateOrderAndSaveToRepository()" classname="com.example.management.application.service.CreateOrderServiceTest" time="0.026"/>
  <testcase name="shouldCreateOrderWithMultipleItems()" classname="com.example.management.application.service.CreateOrderServiceTest" time="0.01"/>
  <system-out><![CDATA[]]></system-out>
  <system-err><![CDATA[]]></system-err>
</testsuite>
